nohup: ignoring input
/home/rehack/anaconda3/lib/python3.13/site-packages/pydantic/_internal/_config.py:383: UserWarning: Valid config keys have changed in V2:
* 'orm_mode' has been renamed to 'from_attributes'
  warnings.warn(message, UserWarning)
INFO:     Started server process [671352]
INFO:     Waiting for application startup.
2026-01-17 16:10:03,156 - app - INFO - Starting up application...
2026-01-17 16:10:03,158 INFO sqlalchemy.engine.Engine BEGIN (implicit)
2026-01-17 16:10:03,159 INFO sqlalchemy.engine.Engine PRAGMA main.table_info("user")
2026-01-17 16:10:03,159 INFO sqlalchemy.engine.Engine [raw sql] ()
2026-01-17 16:10:03,162 INFO sqlalchemy.engine.Engine PRAGMA main.table_info("admin")
2026-01-17 16:10:03,162 INFO sqlalchemy.engine.Engine [raw sql] ()
2026-01-17 16:10:03,163 INFO sqlalchemy.engine.Engine PRAGMA main.table_info("payment")
2026-01-17 16:10:03,164 INFO sqlalchemy.engine.Engine [raw sql] ()
2026-01-17 16:10:03,164 INFO sqlalchemy.engine.Engine PRAGMA main.table_info("cryptopayment")
2026-01-17 16:10:03,165 INFO sqlalchemy.engine.Engine [raw sql] ()
2026-01-17 16:10:03,165 INFO sqlalchemy.engine.Engine PRAGMA main.table_info("prop_firm_registration")
2026-01-17 16:10:03,165 INFO sqlalchemy.engine.Engine [raw sql] ()
2026-01-17 16:10:03,166 INFO sqlalchemy.engine.Engine PRAGMA main.table_info("transactions")
2026-01-17 16:10:03,166 INFO sqlalchemy.engine.Engine [raw sql] ()
2026-01-17 16:10:03,167 INFO sqlalchemy.engine.Engine PRAGMA main.table_info("discount_codes")
2026-01-17 16:10:03,167 INFO sqlalchemy.engine.Engine [raw sql] ()
2026-01-17 16:10:03,168 INFO sqlalchemy.engine.Engine PRAGMA main.table_info("user_discount")
2026-01-17 16:10:03,168 INFO sqlalchemy.engine.Engine [raw sql] ()
2026-01-17 16:10:03,168 INFO sqlalchemy.engine.Engine PRAGMA main.table_info("vat")
2026-01-17 16:10:03,169 INFO sqlalchemy.engine.Engine [raw sql] ()
2026-01-17 16:10:03,169 INFO sqlalchemy.engine.Engine PRAGMA main.table_info("user_purchased_package")
2026-01-17 16:10:03,169 INFO sqlalchemy.engine.Engine [raw sql] ()
2026-01-17 16:10:03,170 INFO sqlalchemy.engine.Engine PRAGMA main.table_info("notification")
2026-01-17 16:10:03,170 INFO sqlalchemy.engine.Engine [raw sql] ()
2026-01-17 16:10:03,170 INFO sqlalchemy.engine.Engine PRAGMA main.table_info("wallet")
2026-01-17 16:10:03,171 INFO sqlalchemy.engine.Engine [raw sql] ()
2026-01-17 16:10:03,171 INFO sqlalchemy.engine.Engine PRAGMA main.table_info("referral_earning")
2026-01-17 16:10:03,171 INFO sqlalchemy.engine.Engine [raw sql] ()
2026-01-17 16:10:03,172 INFO sqlalchemy.engine.Engine PRAGMA main.table_info("withdrawal_request")
2026-01-17 16:10:03,172 INFO sqlalchemy.engine.Engine [raw sql] ()
2026-01-17 16:10:03,173 INFO sqlalchemy.engine.Engine PRAGMA main.table_info("affiliate_settings")
2026-01-17 16:10:03,173 INFO sqlalchemy.engine.Engine [raw sql] ()
2026-01-17 16:10:03,173 INFO sqlalchemy.engine.Engine PRAGMA main.table_info("global_affiliate_settings")
2026-01-17 16:10:03,174 INFO sqlalchemy.engine.Engine [raw sql] ()
2026-01-17 16:10:03,174 INFO sqlalchemy.engine.Engine PRAGMA main.table_info("support")
2026-01-17 16:10:03,175 INFO sqlalchemy.engine.Engine [raw sql] ()
2026-01-17 16:10:03,177 INFO sqlalchemy.engine.Engine COMMIT
INFO:     Application startup complete.
INFO:     Uvicorn running on http://0.0.0.0:8000 (Press CTRL+C to quit)
2026-01-17 16:10:06,222 - app - INFO - Request: GET /api/v1/ - Status: 404 - Duration: 1.32ms
INFO:     127.0.0.1:60394 - "GET /api/v1/ HTTP/1.1" 404 Not Found
2026-01-17 16:10:06,232 INFO sqlalchemy.engine.Engine BEGIN (implicit)
2026-01-17 16:10:06,278 INFO sqlalchemy.engine.Engine SELECT admin.id, admin.email, admin.name, admin.password, admin."Status", admin.email_verified, admin.created_at, admin.updated_at 
FROM admin 
WHERE admin.email = ?
2026-01-17 16:10:06,278 INFO sqlalchemy.engine.Engine [generated in 0.00028s] ('admin@example.com',)
2026-01-17 16:10:06,610 - app - INFO - Request: POST /api/v1/auth/login/admin/access-token - Status: 200 - Duration: 384.07ms
INFO:     127.0.0.1:60402 - "POST /api/v1/auth/login/admin/access-token HTTP/1.1" 200 OK
2026-01-17 16:10:06,611 INFO sqlalchemy.engine.Engine ROLLBACK
2026-01-17 16:10:06,616 INFO sqlalchemy.engine.Engine BEGIN (implicit)
2026-01-17 16:10:06,617 INFO sqlalchemy.engine.Engine SELECT admin.id, admin.email, admin.name, admin.password, admin."Status", admin.email_verified, admin.created_at, admin.updated_at 
FROM admin 
WHERE admin.id = ?
2026-01-17 16:10:06,617 INFO sqlalchemy.engine.Engine [generated in 0.00024s] ('3ae05fd1b79a41f6a7880412a46f1bea',)
2026-01-17 16:10:06,619 INFO sqlalchemy.engine.Engine SELECT global_affiliate_settings.id, global_affiliate_settings.default_commission_rate, global_affiliate_settings.minimum_withdrawal_amount, global_affiliate_settings.is_program_enabled, global_affiliate_settings.updated_at 
FROM global_affiliate_settings
2026-01-17 16:10:06,620 INFO sqlalchemy.engine.Engine [generated in 0.00061s] ()
2026-01-17 16:10:06,622 - app - INFO - Request: GET /api/v1/admin/affiliates/settings/global - Status: 200 - Duration: 7.69ms
INFO:     127.0.0.1:60410 - "GET /api/v1/admin/affiliates/settings/global HTTP/1.1" 200 OK
2026-01-17 16:10:06,622 INFO sqlalchemy.engine.Engine ROLLBACK
2026-01-17 16:10:06,630 INFO sqlalchemy.engine.Engine BEGIN (implicit)
2026-01-17 16:10:06,630 INFO sqlalchemy.engine.Engine SELECT admin.id, admin.email, admin.name, admin.password, admin."Status", admin.email_verified, admin.created_at, admin.updated_at 
FROM admin 
WHERE admin.id = ?
2026-01-17 16:10:06,631 INFO sqlalchemy.engine.Engine [cached since 0.01384s ago] ('3ae05fd1b79a41f6a7880412a46f1bea',)
2026-01-17 16:10:06,632 INFO sqlalchemy.engine.Engine SELECT global_affiliate_settings.id, global_affiliate_settings.default_commission_rate, global_affiliate_settings.minimum_withdrawal_amount, global_affiliate_settings.is_program_enabled, global_affiliate_settings.updated_at 
FROM global_affiliate_settings
2026-01-17 16:10:06,632 INFO sqlalchemy.engine.Engine [cached since 0.01334s ago] ()
2026-01-17 16:10:06,636 INFO sqlalchemy.engine.Engine UPDATE global_affiliate_settings SET default_commission_rate=?, minimum_withdrawal_amount=? WHERE global_affiliate_settings.id = ?
2026-01-17 16:10:06,636 INFO sqlalchemy.engine.Engine [generated in 0.00072s] (0.03, 50.0, '289b577b586f4172af8b72d279d64cb7')
2026-01-17 16:10:06,642 INFO sqlalchemy.engine.Engine COMMIT
2026-01-17 16:10:06,646 INFO sqlalchemy.engine.Engine BEGIN (implicit)
2026-01-17 16:10:06,649 INFO sqlalchemy.engine.Engine SELECT global_affiliate_settings.id, global_affiliate_settings.default_commission_rate, global_affiliate_settings.minimum_withdrawal_amount, global_affiliate_settings.is_program_enabled, global_affiliate_settings.updated_at 
FROM global_affiliate_settings 
WHERE global_affiliate_settings.id = ?
2026-01-17 16:10:06,649 INFO sqlalchemy.engine.Engine [generated in 0.00031s] ('289b577b586f4172af8b72d279d64cb7',)
2026-01-17 16:10:06,651 INFO sqlalchemy.engine.Engine SELECT global_affiliate_settings.id, global_affiliate_settings.default_commission_rate, global_affiliate_settings.minimum_withdrawal_amount, global_affiliate_settings.is_program_enabled, global_affiliate_settings.updated_at 
FROM global_affiliate_settings
2026-01-17 16:10:06,652 INFO sqlalchemy.engine.Engine [cached since 0.03256s ago] ()
2026-01-17 16:10:06,653 - app - INFO - Request: PATCH /api/v1/admin/affiliates/settings/global - Status: 200 - Duration: 26.35ms
INFO:     127.0.0.1:60414 - "PATCH /api/v1/admin/affiliates/settings/global HTTP/1.1" 200 OK
2026-01-17 16:10:06,654 INFO sqlalchemy.engine.Engine ROLLBACK
2026-01-17 16:10:06,664 INFO sqlalchemy.engine.Engine BEGIN (implicit)
2026-01-17 16:10:06,665 INFO sqlalchemy.engine.Engine SELECT admin.id, admin.email, admin.name, admin.password, admin."Status", admin.email_verified, admin.created_at, admin.updated_at 
FROM admin 
WHERE admin.id = ?
2026-01-17 16:10:06,665 INFO sqlalchemy.engine.Engine [cached since 0.04815s ago] ('3ae05fd1b79a41f6a7880412a46f1bea',)
2026-01-17 16:10:06,666 INFO sqlalchemy.engine.Engine SELECT global_affiliate_settings.id, global_affiliate_settings.default_commission_rate, global_affiliate_settings.minimum_withdrawal_amount, global_affiliate_settings.is_program_enabled, global_affiliate_settings.updated_at 
FROM global_affiliate_settings
2026-01-17 16:10:06,666 INFO sqlalchemy.engine.Engine [cached since 0.04712s ago] ()
2026-01-17 16:10:06,667 - app - INFO - Request: GET /api/v1/admin/affiliates/settings/global - Status: 200 - Duration: 4.99ms
INFO:     127.0.0.1:60426 - "GET /api/v1/admin/affiliates/settings/global HTTP/1.1" 200 OK
2026-01-17 16:10:06,668 INFO sqlalchemy.engine.Engine ROLLBACK
2026-01-17 16:12:56,903 - app - INFO - Request: GET /docs - Status: 200 - Duration: 1.47ms
INFO:     127.0.0.1:40888 - "GET /docs HTTP/1.1" 200 OK
2026-01-17 16:12:57,969 - app - INFO - Request: GET /openapi.json - Status: 200 - Duration: 208.78ms
INFO:     127.0.0.1:40888 - "GET /openapi.json HTTP/1.1" 200 OK
INFO:     Shutting down
INFO:     Waiting for application shutdown.
2026-01-17 16:15:01,965 - app - INFO - Shutting down application...
INFO:     Application shutdown complete.
INFO:     Finished server process [671352]
